2019-05-23 16:02:15,129 WARN  [org.springframework.context.support.PropertySourcesPlaceholderConfigurer] Could not load properties from URL [file:/${ext.prop.dir}applicationContext-spring-security-jdbc.properties]: \${ext.prop.dir}applicationContext-spring-security-jdbc.properties (系统找不到指定的文件。)
2019-05-23 16:02:15,143 WARN  [org.springframework.context.support.PropertySourcesPlaceholderConfigurer] Could not load properties from URL [file:/${ext.prop.dir}saiku-beans.properties]: \${ext.prop.dir}saiku-beans.properties (系统找不到指定的文件。)
2019-05-23 16:02:16,020 DEBUG [org.saiku.service.datasource.RepositoryDatasourceManager] file did not exist
2019-05-23 16:02:16,026 INFO  [org.saiku.repository.JackRabbitRepositoryManager] starting repo
2019-05-23 16:02:16,135 WARN  [org.apache.jackrabbit.core.util.RepositoryLock] Existing lock file D:\apps\saiku-latest\saiku-server\repository\data\.lock detected. Repository was not shut down properly.
2019-05-23 16:02:19,002 INFO  [org.saiku.repository.JackRabbitRepositoryManager] repo started
2019-05-23 16:02:19,002 INFO  [org.saiku.repository.JackRabbitRepositoryManager] logging in
2019-05-23 16:02:19,216 INFO  [org.saiku.repository.JackRabbitRepositoryManager] logged in
2019-05-23 16:02:19,558 INFO  [org.saiku.repository.Acl2] Error while reading ACL files at path: /homes/home:admin/sample_reports/average_magnitude_with_quakes.saiku
2019-05-23 16:02:19,559 INFO  [org.saiku.repository.Acl2] Error while reading ACL files at path: /homes/home:admin/sample_reports/average_mag_and_depth_over_time.saiku
2019-05-23 16:02:19,560 INFO  [org.saiku.repository.Acl2] Error while reading ACL files at path: /homes/home:admin/sample_reports/filtered_network_example.saiku
2019-05-23 16:02:19,560 INFO  [org.saiku.repository.Acl2] Error while reading ACL files at path: /homes/home:admin/sample_reports/number_of_quakes_over_time.saiku
2019-05-23 16:02:19,561 INFO  [org.saiku.repository.Acl2] Error while reading ACL files at path: /homes/home:admin/sample_reports/param_example.saiku
2019-05-23 16:02:19,561 INFO  [org.saiku.repository.Acl2] Error while reading ACL files at path: /homes/home:admin/sample_reports/yoy_average_depth_vs_max_depth.saiku
2019-05-23 16:02:19,652 INFO  [org.saiku.repository.JackRabbitRepositoryManager] node added
2019-05-23 16:02:20,209 DEBUG [org.saiku.repository.JackRabbitRepositoryManager] Error while fetching the HTTPSession
org.springframework.beans.factory.BeanCreationException: Error creating bean with name 'scopedTarget.sessionRepo': Scope 'session' is not active for the current thread; consider defining a scoped proxy for this bean if you intend to refer to it from a singleton; nested exception is java.lang.IllegalStateException: No thread-bound request found: Are you referring to request attributes outside of an actual web request, or processing a request outside of the originally receiving thread? If you are actually operating within a web request and still receive this message, your code is probably running outside of DispatcherServlet/DispatcherPortlet: In this case, use RequestContextListener or RequestContextFilter to expose the current request.
	at org.springframework.beans.factory.support.AbstractBeanFactory.doGetBean(AbstractBeanFactory.java:352)
	at org.springframework.beans.factory.support.AbstractBeanFactory.getBean(AbstractBeanFactory.java:194)
	at org.springframework.aop.target.SimpleBeanTargetSource.getTarget(SimpleBeanTargetSource.java:35)
	at org.springframework.aop.framework.CglibAopProxy$DynamicAdvisedInterceptor.getTarget(CglibAopProxy.java:685)
	at org.springframework.aop.framework.CglibAopProxy$DynamicAdvisedInterceptor.intercept(CglibAopProxy.java:636)
	at org.saiku.repository.ScopedRepo$$EnhancerBySpringCGLIB$$abca12b2.getSession(<generated>)
	at org.saiku.repository.JackRabbitRepositoryManager.getSession(JackRabbitRepositoryManager.java:134)
	at org.saiku.repository.JackRabbitRepositoryManager.getCookieUsername(JackRabbitRepositoryManager.java:119)
	at org.saiku.repository.JackRabbitRepositoryManager.getAllDataSources(JackRabbitRepositoryManager.java:809)
	at org.saiku.service.datasource.RepositoryDatasourceManager.loadDatasources(RepositoryDatasourceManager.java:840)
	at org.saiku.service.datasource.RepositoryDatasourceManager.load(RepositoryDatasourceManager.java:127)
	at sun.reflect.NativeMethodAccessorImpl.invoke0(Native Method)
	at sun.reflect.NativeMethodAccessorImpl.invoke(NativeMethodAccessorImpl.java:62)
	at sun.reflect.DelegatingMethodAccessorImpl.invoke(DelegatingMethodAccessorImpl.java:43)
	at java.lang.reflect.Method.invoke(Method.java:498)
	at org.springframework.beans.factory.support.AbstractAutowireCapableBeanFactory.invokeCustomInitMethod(AbstractAutowireCapableBeanFactory.java:1702)
	at org.springframework.beans.factory.support.AbstractAutowireCapableBeanFactory.invokeInitMethods(AbstractAutowireCapableBeanFactory.java:1641)
	at org.springframework.beans.factory.support.AbstractAutowireCapableBeanFactory.initializeBean(AbstractAutowireCapableBeanFactory.java:1570)
	at org.springframework.beans.factory.support.AbstractAutowireCapableBeanFactory.doCreateBean(AbstractAutowireCapableBeanFactory.java:539)
	at org.springframework.beans.factory.support.AbstractAutowireCapableBeanFactory.createBean(AbstractAutowireCapableBeanFactory.java:476)
	at org.springframework.beans.factory.support.AbstractBeanFactory$1.getObject(AbstractBeanFactory.java:303)
	at org.springframework.beans.factory.support.DefaultSingletonBeanRegistry.getSingleton(DefaultSingletonBeanRegistry.java:230)
	at org.springframework.beans.factory.support.AbstractBeanFactory.doGetBean(AbstractBeanFactory.java:299)
	at org.springframework.beans.factory.support.AbstractBeanFactory.getBean(AbstractBeanFactory.java:194)
	at org.springframework.beans.factory.support.BeanDefinitionValueResolver.resolveReference(BeanDefinitionValueResolver.java:351)
	at org.springframework.beans.factory.support.BeanDefinitionValueResolver.resolveValueIfNecessary(BeanDefinitionValueResolver.java:108)
	at org.springframework.beans.factory.support.AbstractAutowireCapableBeanFactory.applyPropertyValues(AbstractAutowireCapableBeanFactory.java:1477)
	at org.springframework.beans.factory.support.AbstractAutowireCapableBeanFactory.populateBean(AbstractAutowireCapableBeanFactory.java:1222)
	at org.springframework.beans.factory.support.AbstractAutowireCapableBeanFactory.doCreateBean(AbstractAutowireCapableBeanFactory.java:537)
	at org.springframework.beans.factory.support.AbstractAutowireCapableBeanFactory.createBean(AbstractAutowireCapableBeanFactory.java:476)
	at org.springframework.beans.factory.support.AbstractBeanFactory$1.getObject(AbstractBeanFactory.java:303)
	at org.springframework.beans.factory.support.DefaultSingletonBeanRegistry.getSingleton(DefaultSingletonBeanRegistry.java:230)
	at org.springframework.beans.factory.support.AbstractBeanFactory.doGetBean(AbstractBeanFactory.java:299)
	at org.springframework.beans.factory.support.AbstractBeanFactory.getBean(AbstractBeanFactory.java:194)
	at org.springframework.beans.factory.support.BeanDefinitionValueResolver.resolveReference(BeanDefinitionValueResolver.java:351)
	at org.springframework.beans.factory.support.BeanDefinitionValueResolver.resolveValueIfNecessary(BeanDefinitionValueResolver.java:108)
	at org.springframework.beans.factory.support.AbstractAutowireCapableBeanFactory.applyPropertyValues(AbstractAutowireCapableBeanFactory.java:1477)
	at org.springframework.beans.factory.support.AbstractAutowireCapableBeanFactory.populateBean(AbstractAutowireCapableBeanFactory.java:1222)
	at org.springframework.beans.factory.support.AbstractAutowireCapableBeanFactory.doCreateBean(AbstractAutowireCapableBeanFactory.java:537)
	at org.springframework.beans.factory.support.AbstractAutowireCapableBeanFactory.createBean(AbstractAutowireCapableBeanFactory.java:476)
	at org.springframework.beans.factory.support.AbstractBeanFactory$1.getObject(AbstractBeanFactory.java:303)
	at org.springframework.beans.factory.support.DefaultSingletonBeanRegistry.getSingleton(DefaultSingletonBeanRegistry.java:230)
	at org.springframework.beans.factory.support.AbstractBeanFactory.doGetBean(AbstractBeanFactory.java:299)
	at org.springframework.beans.factory.support.AbstractBeanFactory.getBean(AbstractBeanFactory.java:194)
	at org.springframework.beans.factory.support.BeanDefinitionValueResolver.resolveReference(BeanDefinitionValueResolver.java:351)
	at org.springframework.beans.factory.support.BeanDefinitionValueResolver.resolveValueIfNecessary(BeanDefinitionValueResolver.java:108)
	at org.springframework.beans.factory.support.AbstractAutowireCapableBeanFactory.applyPropertyValues(AbstractAutowireCapableBeanFactory.java:1477)
	at org.springframework.beans.factory.support.AbstractAutowireCapableBeanFactory.populateBean(AbstractAutowireCapableBeanFactory.java:1222)
	at org.springframework.beans.factory.support.AbstractAutowireCapableBeanFactory.doCreateBean(AbstractAutowireCapableBeanFactory.java:537)
	at org.springframework.beans.factory.support.AbstractAutowireCapableBeanFactory.createBean(AbstractAutowireCapableBeanFactory.java:476)
	at org.springframework.beans.factory.support.AbstractBeanFactory$1.getObject(AbstractBeanFactory.java:303)
	at org.springframework.beans.factory.support.DefaultSingletonBeanRegistry.getSingleton(DefaultSingletonBeanRegistry.java:230)
	at org.springframework.beans.factory.support.AbstractBeanFactory.doGetBean(AbstractBeanFactory.java:299)
	at org.springframework.beans.factory.support.AbstractBeanFactory.getBean(AbstractBeanFactory.java:194)
	at org.springframework.beans.factory.support.DefaultListableBeanFactory.preInstantiateSingletons(DefaultListableBeanFactory.java:755)
	at org.springframework.context.support.AbstractApplicationContext.finishBeanFactoryInitialization(AbstractApplicationContext.java:757)
	at org.springframework.context.support.AbstractApplicationContext.refresh(AbstractApplicationContext.java:480)
	at org.springframework.web.context.ContextLoader.configureAndRefreshWebApplicationContext(ContextLoader.java:403)
	at org.springframework.web.context.ContextLoader.initWebApplicationContext(ContextLoader.java:306)
	at org.springframework.web.context.ContextLoaderListener.contextInitialized(ContextLoaderListener.java:106)
	at org.apache.catalina.core.StandardContext.listenerStart(StandardContext.java:4627)
	at org.apache.catalina.core.StandardContext.startInternal(StandardContext.java:5091)
	at org.apache.catalina.util.LifecycleBase.start(LifecycleBase.java:183)
	at org.apache.catalina.core.ContainerBase.addChildInternal(ContainerBase.java:742)
	at org.apache.catalina.core.ContainerBase.addChild(ContainerBase.java:718)
	at org.apache.catalina.core.StandardHost.addChild(StandardHost.java:703)
	at org.apache.catalina.startup.HostConfig.deployDirectory(HostConfig.java:1141)
	at org.apache.catalina.startup.HostConfig$DeployDirectory.run(HostConfig.java:1876)
	at java.util.concurrent.Executors$RunnableAdapter.call(Executors.java:511)
	at java.util.concurrent.FutureTask.run(FutureTask.java:266)
	at org.apache.tomcat.util.threads.InlineExecutorService.execute(InlineExecutorService.java:75)
	at java.util.concurrent.AbstractExecutorService.submit(AbstractExecutorService.java:112)
	at org.apache.catalina.startup.HostConfig.deployDirectories(HostConfig.java:1053)
	at org.apache.catalina.startup.HostConfig.deployApps(HostConfig.java:428)
	at org.apache.catalina.startup.HostConfig.start(HostConfig.java:1585)
	at org.apache.catalina.startup.HostConfig.lifecycleEvent(HostConfig.java:308)
	at org.apache.catalina.util.LifecycleBase.fireLifecycleEvent(LifecycleBase.java:123)
	at org.apache.catalina.util.LifecycleBase.setStateInternal(LifecycleBase.java:424)
	at org.apache.catalina.util.LifecycleBase.setState(LifecycleBase.java:367)
	at org.apache.catalina.core.ContainerBase.startInternal(ContainerBase.java:966)
	at org.apache.catalina.core.StandardHost.startInternal(StandardHost.java:839)
	at org.apache.catalina.util.LifecycleBase.start(LifecycleBase.java:183)
	at org.apache.catalina.core.ContainerBase$StartChild.call(ContainerBase.java:1427)
	at org.apache.catalina.core.ContainerBase$StartChild.call(ContainerBase.java:1417)
	at java.util.concurrent.FutureTask.run(FutureTask.java:266)
	at org.apache.tomcat.util.threads.InlineExecutorService.execute(InlineExecutorService.java:75)
	at java.util.concurrent.AbstractExecutorService.submit(AbstractExecutorService.java:134)
	at org.apache.catalina.core.ContainerBase.startInternal(ContainerBase.java:943)
	at org.apache.catalina.core.StandardEngine.startInternal(StandardEngine.java:258)
	at org.apache.catalina.util.LifecycleBase.start(LifecycleBase.java:183)
	at org.apache.catalina.core.StandardService.startInternal(StandardService.java:422)
	at org.apache.catalina.util.LifecycleBase.start(LifecycleBase.java:183)
	at org.apache.catalina.core.StandardServer.startInternal(StandardServer.java:770)
	at org.apache.catalina.util.LifecycleBase.start(LifecycleBase.java:183)
	at org.apache.catalina.startup.Catalina.start(Catalina.java:682)
	at sun.reflect.NativeMethodAccessorImpl.invoke0(Native Method)
	at sun.reflect.NativeMethodAccessorImpl.invoke(NativeMethodAccessorImpl.java:62)
	at sun.reflect.DelegatingMethodAccessorImpl.invoke(DelegatingMethodAccessorImpl.java:43)
	at java.lang.reflect.Method.invoke(Method.java:498)
	at org.apache.catalina.startup.Bootstrap.start(Bootstrap.java:350)
	at org.apache.catalina.startup.Bootstrap.main(Bootstrap.java:492)
Caused by: java.lang.IllegalStateException: No thread-bound request found: Are you referring to request attributes outside of an actual web request, or processing a request outside of the originally receiving thread? If you are actually operating within a web request and still receive this message, your code is probably running outside of DispatcherServlet/DispatcherPortlet: In this case, use RequestContextListener or RequestContextFilter to expose the current request.
	at org.springframework.web.context.request.RequestContextHolder.currentRequestAttributes(RequestContextHolder.java:131)
	at org.springframework.web.context.request.SessionScope.get(SessionScope.java:91)
	at org.springframework.beans.factory.support.AbstractBeanFactory.doGetBean(AbstractBeanFactory.java:337)
	... 100 more
2019-05-23 16:02:20,219 DEBUG [org.saiku.repository.JackRabbitRepositoryManager] Error while fetching the HTTPSession
org.springframework.beans.factory.BeanCreationException: Error creating bean with name 'scopedTarget.sessionRepo': Scope 'session' is not active for the current thread; consider defining a scoped proxy for this bean if you intend to refer to it from a singleton; nested exception is java.lang.IllegalStateException: No thread-bound request found: Are you referring to request attributes outside of an actual web request, or processing a request outside of the originally receiving thread? If you are actually operating within a web request and still receive this message, your code is probably running outside of DispatcherServlet/DispatcherPortlet: In this case, use RequestContextListener or RequestContextFilter to expose the current request.
	at org.springframework.beans.factory.support.AbstractBeanFactory.doGetBean(AbstractBeanFactory.java:352)
	at org.springframework.beans.factory.support.AbstractBeanFactory.getBean(AbstractBeanFactory.java:194)
	at org.springframework.aop.target.SimpleBeanTargetSource.getTarget(SimpleBeanTargetSource.java:35)
	at org.springframework.aop.framework.CglibAopProxy$DynamicAdvisedInterceptor.getTarget(CglibAopProxy.java:685)
	at org.springframework.aop.framework.CglibAopProxy$DynamicAdvisedInterceptor.intercept(CglibAopProxy.java:636)
	at org.saiku.repository.ScopedRepo$$EnhancerBySpringCGLIB$$abca12b2.getSession(<generated>)
	at org.saiku.repository.JackRabbitRepositoryManager.getSession(JackRabbitRepositoryManager.java:134)
	at org.saiku.repository.JackRabbitRepositoryManager.getCookieUsername(JackRabbitRepositoryManager.java:119)
	at org.saiku.repository.JackRabbitRepositoryManager.getAllDataSources(JackRabbitRepositoryManager.java:809)
	at org.saiku.service.datasource.RepositoryDatasourceManager.loadDatasources(RepositoryDatasourceManager.java:840)
	at org.saiku.service.datasource.RepositoryDatasourceManager.load(RepositoryDatasourceManager.java:127)
	at sun.reflect.NativeMethodAccessorImpl.invoke0(Native Method)
	at sun.reflect.NativeMethodAccessorImpl.invoke(NativeMethodAccessorImpl.java:62)
	at sun.reflect.DelegatingMethodAccessorImpl.invoke(DelegatingMethodAccessorImpl.java:43)
	at java.lang.reflect.Method.invoke(Method.java:498)
	at org.springframework.beans.factory.support.AbstractAutowireCapableBeanFactory.invokeCustomInitMethod(AbstractAutowireCapableBeanFactory.java:1702)
	at org.springframework.beans.factory.support.AbstractAutowireCapableBeanFactory.invokeInitMethods(AbstractAutowireCapableBeanFactory.java:1641)
	at org.springframework.beans.factory.support.AbstractAutowireCapableBeanFactory.initializeBean(AbstractAutowireCapableBeanFactory.java:1570)
	at org.springframework.beans.factory.support.AbstractAutowireCapableBeanFactory.doCreateBean(AbstractAutowireCapableBeanFactory.java:539)
	at org.springframework.beans.factory.support.AbstractAutowireCapableBeanFactory.createBean(AbstractAutowireCapableBeanFactory.java:476)
	at org.springframework.beans.factory.support.AbstractBeanFactory$1.getObject(AbstractBeanFactory.java:303)
	at org.springframework.beans.factory.support.DefaultSingletonBeanRegistry.getSingleton(DefaultSingletonBeanRegistry.java:230)
	at org.springframework.beans.factory.support.AbstractBeanFactory.doGetBean(AbstractBeanFactory.java:299)
	at org.springframework.beans.factory.support.AbstractBeanFactory.getBean(AbstractBeanFactory.java:194)
	at org.springframework.beans.factory.support.BeanDefinitionValueResolver.resolveReference(BeanDefinitionValueResolver.java:351)
	at org.springframework.beans.factory.support.BeanDefinitionValueResolver.resolveValueIfNecessary(BeanDefinitionValueResolver.java:108)
	at org.springframework.beans.factory.support.AbstractAutowireCapableBeanFactory.applyPropertyValues(AbstractAutowireCapableBeanFactory.java:1477)
	at org.springframework.beans.factory.support.AbstractAutowireCapableBeanFactory.populateBean(AbstractAutowireCapableBeanFactory.java:1222)
	at org.springframework.beans.factory.support.AbstractAutowireCapableBeanFactory.doCreateBean(AbstractAutowireCapableBeanFactory.java:537)
	at org.springframework.beans.factory.support.AbstractAutowireCapableBeanFactory.createBean(AbstractAutowireCapableBeanFactory.java:476)
	at org.springframework.beans.factory.support.AbstractBeanFactory$1.getObject(AbstractBeanFactory.java:303)
	at org.springframework.beans.factory.support.DefaultSingletonBeanRegistry.getSingleton(DefaultSingletonBeanRegistry.java:230)
	at org.springframework.beans.factory.support.AbstractBeanFactory.doGetBean(AbstractBeanFactory.java:299)
	at org.springframework.beans.factory.support.AbstractBeanFactory.getBean(AbstractBeanFactory.java:194)
	at org.springframework.beans.factory.support.BeanDefinitionValueResolver.resolveReference(BeanDefinitionValueResolver.java:351)
	at org.springframework.beans.factory.support.BeanDefinitionValueResolver.resolveValueIfNecessary(BeanDefinitionValueResolver.java:108)
	at org.springframework.beans.factory.support.AbstractAutowireCapableBeanFactory.applyPropertyValues(AbstractAutowireCapableBeanFactory.java:1477)
	at org.springframework.beans.factory.support.AbstractAutowireCapableBeanFactory.populateBean(AbstractAutowireCapableBeanFactory.java:1222)
	at org.springframework.beans.factory.support.AbstractAutowireCapableBeanFactory.doCreateBean(AbstractAutowireCapableBeanFactory.java:537)
	at org.springframework.beans.factory.support.AbstractAutowireCapableBeanFactory.createBean(AbstractAutowireCapableBeanFactory.java:476)
	at org.springframework.beans.factory.support.AbstractBeanFactory$1.getObject(AbstractBeanFactory.java:303)
	at org.springframework.beans.factory.support.DefaultSingletonBeanRegistry.getSingleton(DefaultSingletonBeanRegistry.java:230)
	at org.springframework.beans.factory.support.AbstractBeanFactory.doGetBean(AbstractBeanFactory.java:299)
	at org.springframework.beans.factory.support.AbstractBeanFactory.getBean(AbstractBeanFactory.java:194)
	at org.springframework.beans.factory.support.BeanDefinitionValueResolver.resolveReference(BeanDefinitionValueResolver.java:351)
	at org.springframework.beans.factory.support.BeanDefinitionValueResolver.resolveValueIfNecessary(BeanDefinitionValueResolver.java:108)
	at org.springframework.beans.factory.support.AbstractAutowireCapableBeanFactory.applyPropertyValues(AbstractAutowireCapableBeanFactory.java:1477)
	at org.springframework.beans.factory.support.AbstractAutowireCapableBeanFactory.populateBean(AbstractAutowireCapableBeanFactory.java:1222)
	at org.springframework.beans.factory.support.AbstractAutowireCapableBeanFactory.doCreateBean(AbstractAutowireCapableBeanFactory.java:537)
	at org.springframework.beans.factory.support.AbstractAutowireCapableBeanFactory.createBean(AbstractAutowireCapableBeanFactory.java:476)
	at org.springframework.beans.factory.support.AbstractBeanFactory$1.getObject(AbstractBeanFactory.java:303)
	at org.springframework.beans.factory.support.DefaultSingletonBeanRegistry.getSingleton(DefaultSingletonBeanRegistry.java:230)
	at org.springframework.beans.factory.support.AbstractBeanFactory.doGetBean(AbstractBeanFactory.java:299)
	at org.springframework.beans.factory.support.AbstractBeanFactory.getBean(AbstractBeanFactory.java:194)
	at org.springframework.beans.factory.support.DefaultListableBeanFactory.preInstantiateSingletons(DefaultListableBeanFactory.java:755)
	at org.springframework.context.support.AbstractApplicationContext.finishBeanFactoryInitialization(AbstractApplicationContext.java:757)
	at org.springframework.context.support.AbstractApplicationContext.refresh(AbstractApplicationContext.java:480)
	at org.springframework.web.context.ContextLoader.configureAndRefreshWebApplicationContext(ContextLoader.java:403)
	at org.springframework.web.context.ContextLoader.initWebApplicationContext(ContextLoader.java:306)
	at org.springframework.web.context.ContextLoaderListener.contextInitialized(ContextLoaderListener.java:106)
	at org.apache.catalina.core.StandardContext.listenerStart(StandardContext.java:4627)
	at org.apache.catalina.core.StandardContext.startInternal(StandardContext.java:5091)
	at org.apache.catalina.util.LifecycleBase.start(LifecycleBase.java:183)
	at org.apache.catalina.core.ContainerBase.addChildInternal(ContainerBase.java:742)
	at org.apache.catalina.core.ContainerBase.addChild(ContainerBase.java:718)
	at org.apache.catalina.core.StandardHost.addChild(StandardHost.java:703)
	at org.apache.catalina.startup.HostConfig.deployDirectory(HostConfig.java:1141)
	at org.apache.catalina.startup.HostConfig$DeployDirectory.run(HostConfig.java:1876)
	at java.util.concurrent.Executors$RunnableAdapter.call(Executors.java:511)
	at java.util.concurrent.FutureTask.run(FutureTask.java:266)
	at org.apache.tomcat.util.threads.InlineExecutorService.execute(InlineExecutorService.java:75)
	at java.util.concurrent.AbstractExecutorService.submit(AbstractExecutorService.java:112)
	at org.apache.catalina.startup.HostConfig.deployDirectories(HostConfig.java:1053)
	at org.apache.catalina.startup.HostConfig.deployApps(HostConfig.java:428)
	at org.apache.catalina.startup.HostConfig.start(HostConfig.java:1585)
	at org.apache.catalina.startup.HostConfig.lifecycleEvent(HostConfig.java:308)
	at org.apache.catalina.util.LifecycleBase.fireLifecycleEvent(LifecycleBase.java:123)
	at org.apache.catalina.util.LifecycleBase.setStateInternal(LifecycleBase.java:424)
	at org.apache.catalina.util.LifecycleBase.setState(LifecycleBase.java:367)
	at org.apache.catalina.core.ContainerBase.startInternal(ContainerBase.java:966)
	at org.apache.catalina.core.StandardHost.startInternal(StandardHost.java:839)
	at org.apache.catalina.util.LifecycleBase.start(LifecycleBase.java:183)
	at org.apache.catalina.core.ContainerBase$StartChild.call(ContainerBase.java:1427)
	at org.apache.catalina.core.ContainerBase$StartChild.call(ContainerBase.java:1417)
	at java.util.concurrent.FutureTask.run(FutureTask.java:266)
	at org.apache.tomcat.util.threads.InlineExecutorService.execute(InlineExecutorService.java:75)
	at java.util.concurrent.AbstractExecutorService.submit(AbstractExecutorService.java:134)
	at org.apache.catalina.core.ContainerBase.startInternal(ContainerBase.java:943)
	at org.apache.catalina.core.StandardEngine.startInternal(StandardEngine.java:258)
	at org.apache.catalina.util.LifecycleBase.start(LifecycleBase.java:183)
	at org.apache.catalina.core.StandardService.startInternal(StandardService.java:422)
	at org.apache.catalina.util.LifecycleBase.start(LifecycleBase.java:183)
	at org.apache.catalina.core.StandardServer.startInternal(StandardServer.java:770)
	at org.apache.catalina.util.LifecycleBase.start(LifecycleBase.java:183)
	at org.apache.catalina.startup.Catalina.start(Catalina.java:682)
	at sun.reflect.NativeMethodAccessorImpl.invoke0(Native Method)
	at sun.reflect.NativeMethodAccessorImpl.invoke(NativeMethodAccessorImpl.java:62)
	at sun.reflect.DelegatingMethodAccessorImpl.invoke(DelegatingMethodAccessorImpl.java:43)
	at java.lang.reflect.Method.invoke(Method.java:498)
	at org.apache.catalina.startup.Bootstrap.start(Bootstrap.java:350)
	at org.apache.catalina.startup.Bootstrap.main(Bootstrap.java:492)
Caused by: java.lang.IllegalStateException: No thread-bound request found: Are you referring to request attributes outside of an actual web request, or processing a request outside of the originally receiving thread? If you are actually operating within a web request and still receive this message, your code is probably running outside of DispatcherServlet/DispatcherPortlet: In this case, use RequestContextListener or RequestContextFilter to expose the current request.
	at org.springframework.web.context.request.RequestContextHolder.currentRequestAttributes(RequestContextHolder.java:131)
	at org.springframework.web.context.request.SessionScope.get(SessionScope.java:91)
	at org.springframework.beans.factory.support.AbstractBeanFactory.doGetBean(AbstractBeanFactory.java:337)
	... 100 more
2019-05-23 16:02:21,319 DEBUG [org.saiku.web.rest.util.StartupResource] Disabled INFO Logging for com.sun.jersey.spi.container.servlet.WebComponent
2019-05-23 16:15:43,813 DEBUG [org.saiku.web.service.SessionService] Logging in with [org.springframework.security.core.userdetails.User@586034f: Username: admin; Password: [PROTECTED]; Enabled: true; AccountNonExpired: true; credentialsNonExpired: true; AccountNonLocked: true; Granted Authorities: ROLE_ADMIN,ROLE_USER]
2019-05-23 16:15:44,272 WARN  [mondrian.rolap.RolapUtil] Mondrian: Warning: JDBC driver sun.jdbc.odbc.JdbcOdbcDriver not found
2019-05-23 16:15:44,276 WARN  [mondrian.rolap.RolapUtil] Mondrian: Warning: JDBC driver oracle.jdbc.OracleDriver not found
2019-05-23 16:15:45,489 INFO  [org.saiku.datasources.connection.SaikuOlapConnection] Catalogs:1
2019-05-23 16:15:46,634 INFO  [org.saiku.datasources.connection.SaikuOlapConnection] Catalogs:1
2019-05-23 16:16:04,433 DEBUG [org.saiku.service.datasource.RepositoryDatasourceManager] file did not exist
2019-05-23 16:18:02,500 INFO  [org.saiku.repository.Acl2] Error while reading ACL files at path: /
2019-05-23 16:18:02,533 INFO  [org.saiku.repository.Acl2] Error while reading ACL files at path: /homes/home:admin/sample_reports/average_magnitude_with_quakes.saiku
2019-05-23 16:18:02,533 INFO  [org.saiku.repository.Acl2] Error while reading ACL files at path: /homes/home:admin/sample_reports/average_mag_and_depth_over_time.saiku
2019-05-23 16:18:02,533 INFO  [org.saiku.repository.Acl2] Error while reading ACL files at path: /homes/home:admin/sample_reports/filtered_network_example.saiku
2019-05-23 16:18:02,533 INFO  [org.saiku.repository.Acl2] Error while reading ACL files at path: /homes/home:admin/sample_reports/number_of_quakes_over_time.saiku
2019-05-23 16:18:02,534 INFO  [org.saiku.repository.Acl2] Error while reading ACL files at path: /homes/home:admin/sample_reports/param_example.saiku
2019-05-23 16:18:02,534 INFO  [org.saiku.repository.Acl2] Error while reading ACL files at path: /homes/home:admin/sample_reports/yoy_average_depth_vs_max_depth.saiku
2019-05-23 16:18:02,547 INFO  [org.saiku.repository.Acl2] Error while reading ACL files at path: /homes/home:admin/sample_reports/average_magnitude_with_quakes.saiku
2019-05-23 16:18:02,547 INFO  [org.saiku.repository.Acl2] Error while reading ACL files at path: /homes/home:admin/sample_reports/average_mag_and_depth_over_time.saiku
2019-05-23 16:18:02,547 INFO  [org.saiku.repository.Acl2] Error while reading ACL files at path: /homes/home:admin/sample_reports/filtered_network_example.saiku
2019-05-23 16:18:02,547 INFO  [org.saiku.repository.Acl2] Error while reading ACL files at path: /homes/home:admin/sample_reports/number_of_quakes_over_time.saiku
2019-05-23 16:18:02,547 INFO  [org.saiku.repository.Acl2] Error while reading ACL files at path: /homes/home:admin/sample_reports/param_example.saiku
2019-05-23 16:18:02,547 INFO  [org.saiku.repository.Acl2] Error while reading ACL files at path: /homes/home:admin/sample_reports/yoy_average_depth_vs_max_depth.saiku
2019-05-23 16:18:02,552 INFO  [org.saiku.repository.Acl2] Error while reading ACL files at path: /homes/home:admin/sample_reports/average_magnitude_with_quakes.saiku
2019-05-23 16:18:02,553 INFO  [org.saiku.repository.Acl2] Error while reading ACL files at path: /homes/home:admin/sample_reports/average_mag_and_depth_over_time.saiku
2019-05-23 16:18:02,553 INFO  [org.saiku.repository.Acl2] Error while reading ACL files at path: /homes/home:admin/sample_reports/filtered_network_example.saiku
2019-05-23 16:18:02,553 INFO  [org.saiku.repository.Acl2] Error while reading ACL files at path: /homes/home:admin/sample_reports/number_of_quakes_over_time.saiku
2019-05-23 16:18:02,553 INFO  [org.saiku.repository.Acl2] Error while reading ACL files at path: /homes/home:admin/sample_reports/param_example.saiku
2019-05-23 16:18:02,553 INFO  [org.saiku.repository.Acl2] Error while reading ACL files at path: /homes/home:admin/sample_reports/yoy_average_depth_vs_max_depth.saiku
2019-05-23 16:18:02,558 INFO  [org.saiku.repository.Acl2] Error while reading ACL files at path: /homes/home:admin/sample_reports/average_magnitude_with_quakes.saiku
2019-05-23 16:18:02,559 INFO  [org.saiku.repository.Acl2] Error while reading ACL files at path: /homes/home:admin/sample_reports/average_magnitude_with_quakes.saiku
2019-05-23 16:18:02,559 DEBUG [org.saiku.repository.Acl2] Path(owner) not found: /homes/home:admin/sample_reports/average_magnitude_with_quakes.saiku
2019-05-23 16:18:02,559 INFO  [org.saiku.repository.Acl2] Error while reading ACL files at path: /homes/home:admin/sample_reports/average_magnitude_with_quakes.saiku
2019-05-23 16:18:02,559 INFO  [org.saiku.repository.Acl2] Error while reading ACL files at path: /homes/home:admin/sample_reports/average_magnitude_with_quakes.saiku
2019-05-23 16:18:02,559 DEBUG [org.saiku.repository.Acl2] Path(owner) not found: /homes/home:admin/sample_reports/average_magnitude_with_quakes.saiku
2019-05-23 16:18:02,563 INFO  [org.saiku.repository.Acl2] Error while reading ACL files at path: /homes/home:admin/sample_reports/average_mag_and_depth_over_time.saiku
2019-05-23 16:18:02,564 INFO  [org.saiku.repository.Acl2] Error while reading ACL files at path: /homes/home:admin/sample_reports/average_mag_and_depth_over_time.saiku
2019-05-23 16:18:02,564 DEBUG [org.saiku.repository.Acl2] Path(owner) not found: /homes/home:admin/sample_reports/average_mag_and_depth_over_time.saiku
2019-05-23 16:18:02,564 INFO  [org.saiku.repository.Acl2] Error while reading ACL files at path: /homes/home:admin/sample_reports/average_mag_and_depth_over_time.saiku
2019-05-23 16:18:02,564 INFO  [org.saiku.repository.Acl2] Error while reading ACL files at path: /homes/home:admin/sample_reports/average_mag_and_depth_over_time.saiku
2019-05-23 16:18:02,564 DEBUG [org.saiku.repository.Acl2] Path(owner) not found: /homes/home:admin/sample_reports/average_mag_and_depth_over_time.saiku
2019-05-23 16:18:02,565 INFO  [org.saiku.repository.Acl2] Error while reading ACL files at path: /homes/home:admin/sample_reports/filtered_network_example.saiku
2019-05-23 16:18:02,565 INFO  [org.saiku.repository.Acl2] Error while reading ACL files at path: /homes/home:admin/sample_reports/filtered_network_example.saiku
2019-05-23 16:18:02,565 DEBUG [org.saiku.repository.Acl2] Path(owner) not found: /homes/home:admin/sample_reports/filtered_network_example.saiku
2019-05-23 16:18:02,566 INFO  [org.saiku.repository.Acl2] Error while reading ACL files at path: /homes/home:admin/sample_reports/filtered_network_example.saiku
2019-05-23 16:18:02,566 INFO  [org.saiku.repository.Acl2] Error while reading ACL files at path: /homes/home:admin/sample_reports/filtered_network_example.saiku
2019-05-23 16:18:02,566 DEBUG [org.saiku.repository.Acl2] Path(owner) not found: /homes/home:admin/sample_reports/filtered_network_example.saiku
2019-05-23 16:18:02,566 INFO  [org.saiku.repository.Acl2] Error while reading ACL files at path: /homes/home:admin/sample_reports/number_of_quakes_over_time.saiku
2019-05-23 16:18:02,567 INFO  [org.saiku.repository.Acl2] Error while reading ACL files at path: /homes/home:admin/sample_reports/number_of_quakes_over_time.saiku
2019-05-23 16:18:02,567 DEBUG [org.saiku.repository.Acl2] Path(owner) not found: /homes/home:admin/sample_reports/number_of_quakes_over_time.saiku
2019-05-23 16:18:02,567 INFO  [org.saiku.repository.Acl2] Error while reading ACL files at path: /homes/home:admin/sample_reports/number_of_quakes_over_time.saiku
2019-05-23 16:18:02,567 INFO  [org.saiku.repository.Acl2] Error while reading ACL files at path: /homes/home:admin/sample_reports/number_of_quakes_over_time.saiku
2019-05-23 16:18:02,567 DEBUG [org.saiku.repository.Acl2] Path(owner) not found: /homes/home:admin/sample_reports/number_of_quakes_over_time.saiku
2019-05-23 16:18:02,568 INFO  [org.saiku.repository.Acl2] Error while reading ACL files at path: /homes/home:admin/sample_reports/param_example.saiku
2019-05-23 16:18:02,569 INFO  [org.saiku.repository.Acl2] Error while reading ACL files at path: /homes/home:admin/sample_reports/param_example.saiku
2019-05-23 16:18:02,569 DEBUG [org.saiku.repository.Acl2] Path(owner) not found: /homes/home:admin/sample_reports/param_example.saiku
2019-05-23 16:18:02,569 INFO  [org.saiku.repository.Acl2] Error while reading ACL files at path: /homes/home:admin/sample_reports/param_example.saiku
2019-05-23 16:18:02,569 INFO  [org.saiku.repository.Acl2] Error while reading ACL files at path: /homes/home:admin/sample_reports/param_example.saiku
2019-05-23 16:18:02,569 DEBUG [org.saiku.repository.Acl2] Path(owner) not found: /homes/home:admin/sample_reports/param_example.saiku
2019-05-23 16:18:02,570 INFO  [org.saiku.repository.Acl2] Error while reading ACL files at path: /homes/home:admin/sample_reports/yoy_average_depth_vs_max_depth.saiku
2019-05-23 16:18:02,571 INFO  [org.saiku.repository.Acl2] Error while reading ACL files at path: /homes/home:admin/sample_reports/yoy_average_depth_vs_max_depth.saiku
2019-05-23 16:18:02,571 DEBUG [org.saiku.repository.Acl2] Path(owner) not found: /homes/home:admin/sample_reports/yoy_average_depth_vs_max_depth.saiku
2019-05-23 16:18:02,571 INFO  [org.saiku.repository.Acl2] Error while reading ACL files at path: /homes/home:admin/sample_reports/yoy_average_depth_vs_max_depth.saiku
2019-05-23 16:18:02,571 INFO  [org.saiku.repository.Acl2] Error while reading ACL files at path: /homes/home:admin/sample_reports/yoy_average_depth_vs_max_depth.saiku
2019-05-23 16:18:02,571 DEBUG [org.saiku.repository.Acl2] Path(owner) not found: /homes/home:admin/sample_reports/yoy_average_depth_vs_max_depth.saiku
2019-05-23 16:18:02,571 INFO  [org.saiku.repository.Acl2] Error while reading ACL files at path: /homes/home:admin/sample_reports/average_magnitude_with_quakes.saiku
2019-05-23 16:18:02,571 INFO  [org.saiku.repository.Acl2] Error while reading ACL files at path: /homes/home:admin/sample_reports/average_magnitude_with_quakes.saiku
2019-05-23 16:18:02,571 DEBUG [org.saiku.repository.Acl2] Path(owner) not found: /homes/home:admin/sample_reports/average_magnitude_with_quakes.saiku
2019-05-23 16:18:02,571 INFO  [org.saiku.repository.Acl2] Error while reading ACL files at path: /homes/home:admin/sample_reports/average_magnitude_with_quakes.saiku
2019-05-23 16:18:02,572 INFO  [org.saiku.repository.Acl2] Error while reading ACL files at path: /homes/home:admin/sample_reports/average_magnitude_with_quakes.saiku
2019-05-23 16:18:02,572 DEBUG [org.saiku.repository.Acl2] Path(owner) not found: /homes/home:admin/sample_reports/average_magnitude_with_quakes.saiku
2019-05-23 16:18:02,573 INFO  [org.saiku.repository.Acl2] Error while reading ACL files at path: /homes/home:admin/sample_reports/average_mag_and_depth_over_time.saiku
2019-05-23 16:18:02,573 INFO  [org.saiku.repository.Acl2] Error while reading ACL files at path: /homes/home:admin/sample_reports/average_mag_and_depth_over_time.saiku
2019-05-23 16:18:02,573 DEBUG [org.saiku.repository.Acl2] Path(owner) not found: /homes/home:admin/sample_reports/average_mag_and_depth_over_time.saiku
2019-05-23 16:18:02,573 INFO  [org.saiku.repository.Acl2] Error while reading ACL files at path: /homes/home:admin/sample_reports/average_mag_and_depth_over_time.saiku
2019-05-23 16:18:02,574 INFO  [org.saiku.repository.Acl2] Error while reading ACL files at path: /homes/home:admin/sample_reports/average_mag_and_depth_over_time.saiku
2019-05-23 16:18:02,574 DEBUG [org.saiku.repository.Acl2] Path(owner) not found: /homes/home:admin/sample_reports/average_mag_and_depth_over_time.saiku
2019-05-23 16:18:02,574 INFO  [org.saiku.repository.Acl2] Error while reading ACL files at path: /homes/home:admin/sample_reports/filtered_network_example.saiku
2019-05-23 16:18:02,574 INFO  [org.saiku.repository.Acl2] Error while reading ACL files at path: /homes/home:admin/sample_reports/filtered_network_example.saiku
2019-05-23 16:18:02,574 DEBUG [org.saiku.repository.Acl2] Path(owner) not found: /homes/home:admin/sample_reports/filtered_network_example.saiku
2019-05-23 16:18:02,574 INFO  [org.saiku.repository.Acl2] Error while reading ACL files at path: /homes/home:admin/sample_reports/filtered_network_example.saiku
2019-05-23 16:18:02,574 INFO  [org.saiku.repository.Acl2] Error while reading ACL files at path: /homes/home:admin/sample_reports/filtered_network_example.saiku
2019-05-23 16:18:02,574 DEBUG [org.saiku.repository.Acl2] Path(owner) not found: /homes/home:admin/sample_reports/filtered_network_example.saiku
2019-05-23 16:18:02,574 INFO  [org.saiku.repository.Acl2] Error while reading ACL files at path: /homes/home:admin/sample_reports/number_of_quakes_over_time.saiku
2019-05-23 16:18:02,575 INFO  [org.saiku.repository.Acl2] Error while reading ACL files at path: /homes/home:admin/sample_reports/number_of_quakes_over_time.saiku
2019-05-23 16:18:02,575 DEBUG [org.saiku.repository.Acl2] Path(owner) not found: /homes/home:admin/sample_reports/number_of_quakes_over_time.saiku
2019-05-23 16:18:02,575 INFO  [org.saiku.repository.Acl2] Error while reading ACL files at path: /homes/home:admin/sample_reports/number_of_quakes_over_time.saiku
2019-05-23 16:18:02,575 INFO  [org.saiku.repository.Acl2] Error while reading ACL files at path: /homes/home:admin/sample_reports/number_of_quakes_over_time.saiku
2019-05-23 16:18:02,575 DEBUG [org.saiku.repository.Acl2] Path(owner) not found: /homes/home:admin/sample_reports/number_of_quakes_over_time.saiku
2019-05-23 16:18:02,575 INFO  [org.saiku.repository.Acl2] Error while reading ACL files at path: /homes/home:admin/sample_reports/param_example.saiku
2019-05-23 16:18:02,575 INFO  [org.saiku.repository.Acl2] Error while reading ACL files at path: /homes/home:admin/sample_reports/param_example.saiku
2019-05-23 16:18:02,575 DEBUG [org.saiku.repository.Acl2] Path(owner) not found: /homes/home:admin/sample_reports/param_example.saiku
2019-05-23 16:18:02,576 INFO  [org.saiku.repository.Acl2] Error while reading ACL files at path: /homes/home:admin/sample_reports/param_example.saiku
2019-05-23 16:18:02,576 INFO  [org.saiku.repository.Acl2] Error while reading ACL files at path: /homes/home:admin/sample_reports/param_example.saiku
2019-05-23 16:18:02,576 DEBUG [org.saiku.repository.Acl2] Path(owner) not found: /homes/home:admin/sample_reports/param_example.saiku
2019-05-23 16:18:02,576 INFO  [org.saiku.repository.Acl2] Error while reading ACL files at path: /homes/home:admin/sample_reports/yoy_average_depth_vs_max_depth.saiku
2019-05-23 16:18:02,576 INFO  [org.saiku.repository.Acl2] Error while reading ACL files at path: /homes/home:admin/sample_reports/yoy_average_depth_vs_max_depth.saiku
2019-05-23 16:18:02,576 DEBUG [org.saiku.repository.Acl2] Path(owner) not found: /homes/home:admin/sample_reports/yoy_average_depth_vs_max_depth.saiku
2019-05-23 16:18:02,576 INFO  [org.saiku.repository.Acl2] Error while reading ACL files at path: /homes/home:admin/sample_reports/yoy_average_depth_vs_max_depth.saiku
2019-05-23 16:18:02,576 INFO  [org.saiku.repository.Acl2] Error while reading ACL files at path: /homes/home:admin/sample_reports/yoy_average_depth_vs_max_depth.saiku
2019-05-23 16:18:02,576 DEBUG [org.saiku.repository.Acl2] Path(owner) not found: /homes/home:admin/sample_reports/yoy_average_depth_vs_max_depth.saiku
2019-05-23 16:18:02,599 INFO  [org.saiku.repository.Acl2] Error while reading ACL files at path: /datasources/inventory.xml
2019-05-23 16:18:02,599 INFO  [org.saiku.repository.Acl2] Error while reading ACL files at path: /datasources/remote.sds
2019-05-23 16:18:02,611 INFO  [org.saiku.repository.Acl2] Error while reading ACL files at path: /datasources/inventory.xml
2019-05-23 16:18:02,621 DEBUG [org.saiku.repository.Acl2] Path(owner) not found: /datasources/inventory.xml
2019-05-23 16:18:02,623 INFO  [org.saiku.repository.Acl2] Error while reading ACL files at path: /datasources/remote.sds
2019-05-23 16:18:02,630 DEBUG [org.saiku.repository.Acl2] Path(owner) not found: /datasources/remote.sds
2019-05-23 16:18:02,665 INFO  [org.saiku.repository.Acl2] Error while reading ACL files at path: /etc/license.lic
2019-05-23 16:18:02,665 INFO  [org.saiku.repository.Acl2] Error while reading ACL files at path: /etc/.repo_version
2019-05-23 16:18:02,687 INFO  [org.saiku.repository.Acl2] Error while reading ACL files at path: /etc/license.lic
2019-05-23 16:18:02,689 INFO  [org.saiku.repository.Acl2] Error while reading ACL files at path: /etc/license.lic
2019-05-23 16:18:02,689 DEBUG [org.saiku.repository.Acl2] Path(owner) not found: /etc/license.lic
2019-05-23 16:18:02,689 INFO  [org.saiku.repository.Acl2] Error while reading ACL files at path: /etc/license.lic
2019-05-23 16:18:02,689 INFO  [org.saiku.repository.Acl2] Error while reading ACL files at path: /etc/license.lic
2019-05-23 16:18:02,689 DEBUG [org.saiku.repository.Acl2] Path(owner) not found: /etc/license.lic
2019-05-23 16:18:02,689 INFO  [org.saiku.repository.Acl2] Error while reading ACL files at path: /etc/.repo_version
2019-05-23 16:18:02,690 INFO  [org.saiku.repository.Acl2] Error while reading ACL files at path: /etc/.repo_version
2019-05-23 16:18:02,690 DEBUG [org.saiku.repository.Acl2] Path(owner) not found: /etc/.repo_version
2019-05-23 16:18:02,690 INFO  [org.saiku.repository.Acl2] Error while reading ACL files at path: /etc/.repo_version
2019-05-23 16:18:02,691 INFO  [org.saiku.repository.Acl2] Error while reading ACL files at path: /etc/.repo_version
2019-05-23 16:18:02,691 DEBUG [org.saiku.repository.Acl2] Path(owner) not found: /etc/.repo_version
2019-05-23 16:18:02,696 INFO  [org.saiku.repository.Acl2] Error while reading ACL files at path: /etc/license.lic
2019-05-23 16:18:02,696 INFO  [org.saiku.repository.Acl2] Error while reading ACL files at path: /etc/license.lic
2019-05-23 16:18:02,696 DEBUG [org.saiku.repository.Acl2] Path(owner) not found: /etc/license.lic
2019-05-23 16:18:02,696 INFO  [org.saiku.repository.Acl2] Error while reading ACL files at path: /etc/license.lic
2019-05-23 16:18:02,697 INFO  [org.saiku.repository.Acl2] Error while reading ACL files at path: /etc/license.lic
2019-05-23 16:18:02,697 DEBUG [org.saiku.repository.Acl2] Path(owner) not found: /etc/license.lic
2019-05-23 16:18:02,697 INFO  [org.saiku.repository.Acl2] Error while reading ACL files at path: /etc/.repo_version
2019-05-23 16:18:02,697 INFO  [org.saiku.repository.Acl2] Error while reading ACL files at path: /etc/.repo_version
2019-05-23 16:18:02,697 DEBUG [org.saiku.repository.Acl2] Path(owner) not found: /etc/.repo_version
2019-05-23 16:18:02,697 INFO  [org.saiku.repository.Acl2] Error while reading ACL files at path: /etc/.repo_version
2019-05-23 16:18:02,697 INFO  [org.saiku.repository.Acl2] Error while reading ACL files at path: /etc/.repo_version
2019-05-23 16:18:02,697 DEBUG [org.saiku.repository.Acl2] Path(owner) not found: /etc/.repo_version
2019-05-23 16:18:10,524 DEBUG [org.saiku.service.datasource.RepositoryDatasourceManager] file did not exist
2019-05-23 16:18:13,796 DEBUG [org.saiku.service.datasource.RepositoryDatasourceManager] file did not exist
2019-05-23 16:18:16,105 DEBUG [org.saiku.service.datasource.RepositoryDatasourceManager] file did not exist
2019-05-23 16:18:18,112 INFO  [org.saiku.datasources.connection.SaikuOlapConnection] Catalogs:1
2019-05-23 16:18:18,112 ERROR [org.saiku.web.rest.resources.OlapDiscoverResource] org.saiku.web.rest.resources.OlapDiscoverResource
org.saiku.service.util.exception.SaikuServiceException: Cannot refresh all connections
	at org.saiku.service.olap.OlapDiscoverService.refreshAllConnections(OlapDiscoverService.java:81)
	at org.saiku.web.rest.resources.OlapDiscoverResource.refreshConnections(OlapDiscoverResource.java:96)
	at sun.reflect.NativeMethodAccessorImpl.invoke0(Native Method)
	at sun.reflect.NativeMethodAccessorImpl.invoke(NativeMethodAccessorImpl.java:62)
	at sun.reflect.DelegatingMethodAccessorImpl.invoke(DelegatingMethodAccessorImpl.java:43)
	at java.lang.reflect.Method.invoke(Method.java:498)
	at com.sun.jersey.spi.container.JavaMethodInvokerFactory$1.invoke(JavaMethodInvokerFactory.java:60)
	at com.sun.jersey.server.impl.model.method.dispatch.AbstractResourceMethodDispatchProvider$TypeOutInvoker._dispatch(AbstractResourceMethodDispatchProvider.java:185)
	at com.sun.jersey.server.impl.model.method.dispatch.ResourceJavaMethodDispatcher.dispatch(ResourceJavaMethodDispatcher.java:75)
	at com.sun.jersey.server.impl.uri.rules.HttpMethodRule.accept(HttpMethodRule.java:302)
	at com.sun.jersey.server.impl.uri.rules.RightHandPathRule.accept(RightHandPathRule.java:147)
	at com.sun.jersey.server.impl.uri.rules.ResourceClassRule.accept(ResourceClassRule.java:108)
	at com.sun.jersey.server.impl.uri.rules.RightHandPathRule.accept(RightHandPathRule.java:147)
	at com.sun.jersey.server.impl.uri.rules.RootResourceClassesRule.accept(RootResourceClassesRule.java:84)
	at com.sun.jersey.server.impl.application.WebApplicationImpl._handleRequest(WebApplicationImpl.java:1542)
	at com.sun.jersey.server.impl.application.WebApplicationImpl._handleRequest(WebApplicationImpl.java:1473)
	at com.sun.jersey.server.impl.application.WebApplicationImpl.handleRequest(WebApplicationImpl.java:1419)
	at com.sun.jersey.server.impl.application.WebApplicationImpl.handleRequest(WebApplicationImpl.java:1409)
	at com.sun.jersey.spi.container.servlet.WebComponent.service(WebComponent.java:409)
	at com.sun.jersey.spi.container.servlet.ServletContainer.service(ServletContainer.java:558)
	at com.sun.jersey.spi.container.servlet.ServletContainer.service(ServletContainer.java:733)
	at javax.servlet.http.HttpServlet.service(HttpServlet.java:741)
	at org.apache.catalina.core.ApplicationFilterChain.internalDoFilter(ApplicationFilterChain.java:231)
	at org.apache.catalina.core.ApplicationFilterChain.doFilter(ApplicationFilterChain.java:166)
	at org.apache.tomcat.websocket.server.WsFilter.doFilter(WsFilter.java:53)
	at org.apache.catalina.core.ApplicationFilterChain.internalDoFilter(ApplicationFilterChain.java:193)
	at org.apache.catalina.core.ApplicationFilterChain.doFilter(ApplicationFilterChain.java:166)
	at org.springframework.security.web.FilterChainProxy$VirtualFilterChain.doFilter(FilterChainProxy.java:316)
	at org.springframework.security.web.access.intercept.FilterSecurityInterceptor.invoke(FilterSecurityInterceptor.java:126)
	at org.springframework.security.web.access.intercept.FilterSecurityInterceptor.doFilter(FilterSecurityInterceptor.java:90)
	at org.springframework.security.web.FilterChainProxy$VirtualFilterChain.doFilter(FilterChainProxy.java:330)
	at org.springframework.security.web.access.ExceptionTranslationFilter.doFilter(ExceptionTranslationFilter.java:114)
	at org.springframework.security.web.FilterChainProxy$VirtualFilterChain.doFilter(FilterChainProxy.java:330)
	at org.springframework.security.web.session.SessionManagementFilter.doFilter(SessionManagementFilter.java:122)
	at org.springframework.security.web.FilterChainProxy$VirtualFilterChain.doFilter(FilterChainProxy.java:330)
	at org.springframework.security.web.authentication.AnonymousAuthenticationFilter.doFilter(AnonymousAuthenticationFilter.java:111)
	at org.springframework.security.web.FilterChainProxy$VirtualFilterChain.doFilter(FilterChainProxy.java:330)
	at org.springframework.security.web.servletapi.SecurityContextHolderAwareRequestFilter.doFilter(SecurityContextHolderAwareRequestFilter.java:168)
	at org.springframework.security.web.FilterChainProxy$VirtualFilterChain.doFilter(FilterChainProxy.java:330)
	at org.springframework.security.web.savedrequest.RequestCacheAwareFilter.doFilter(RequestCacheAwareFilter.java:48)
	at org.springframework.security.web.FilterChainProxy$VirtualFilterChain.doFilter(FilterChainProxy.java:330)
	at org.springframework.security.web.authentication.www.BasicAuthenticationFilter.doFilterInternal(BasicAuthenticationFilter.java:158)
	at org.springframework.web.filter.OncePerRequestFilter.doFilter(OncePerRequestFilter.java:107)
	at org.springframework.security.web.FilterChainProxy$VirtualFilterChain.doFilter(FilterChainProxy.java:330)
	at org.springframework.security.web.authentication.ui.DefaultLoginPageGeneratingFilter.doFilter(DefaultLoginPageGeneratingFilter.java:162)
	at org.springframework.security.web.FilterChainProxy$VirtualFilterChain.doFilter(FilterChainProxy.java:330)
	at org.springframework.security.web.authentication.AbstractAuthenticationProcessingFilter.doFilter(AbstractAuthenticationProcessingFilter.java:205)
	at org.springframework.security.web.FilterChainProxy$VirtualFilterChain.doFilter(FilterChainProxy.java:330)
	at org.springframework.security.web.authentication.logout.LogoutFilter.doFilter(LogoutFilter.java:120)
	at org.springframework.security.web.FilterChainProxy$VirtualFilterChain.doFilter(FilterChainProxy.java:330)
	at org.springframework.security.web.header.HeaderWriterFilter.doFilterInternal(HeaderWriterFilter.java:64)
	at org.springframework.web.filter.OncePerRequestFilter.doFilter(OncePerRequestFilter.java:107)
	at org.springframework.security.web.FilterChainProxy$VirtualFilterChain.doFilter(FilterChainProxy.java:330)
	at org.springframework.security.web.context.request.async.WebAsyncManagerIntegrationFilter.doFilterInternal(WebAsyncManagerIntegrationFilter.java:53)
	at org.springframework.web.filter.OncePerRequestFilter.doFilter(OncePerRequestFilter.java:107)
	at org.springframework.security.web.FilterChainProxy$VirtualFilterChain.doFilter(FilterChainProxy.java:330)
	at org.springframework.security.web.context.SecurityContextPersistenceFilter.doFilter(SecurityContextPersistenceFilter.java:91)
	at org.springframework.security.web.FilterChainProxy$VirtualFilterChain.doFilter(FilterChainProxy.java:330)
	at org.springframework.security.web.FilterChainProxy.doFilterInternal(FilterChainProxy.java:213)
	at org.springframework.security.web.FilterChainProxy.doFilter(FilterChainProxy.java:176)
	at org.springframework.web.filter.DelegatingFilterProxy.invokeDelegate(DelegatingFilterProxy.java:344)
	at org.springframework.web.filter.DelegatingFilterProxy.doFilter(DelegatingFilterProxy.java:261)
	at org.apache.catalina.core.ApplicationFilterChain.internalDoFilter(ApplicationFilterChain.java:193)
	at org.apache.catalina.core.ApplicationFilterChain.doFilter(ApplicationFilterChain.java:166)
	at org.apache.catalina.core.StandardWrapperValve.invoke(StandardWrapperValve.java:199)
	at org.apache.catalina.core.StandardContextValve.invoke(StandardContextValve.java:96)
	at org.apache.catalina.authenticator.AuthenticatorBase.invoke(AuthenticatorBase.java:494)
	at org.apache.catalina.core.StandardHostValve.invoke(StandardHostValve.java:139)
	at org.apache.catalina.valves.ErrorReportValve.invoke(ErrorReportValve.java:92)
	at org.apache.catalina.valves.AbstractAccessLogValve.invoke(AbstractAccessLogValve.java:651)
	at org.apache.catalina.core.StandardEngineValve.invoke(StandardEngineValve.java:87)
	at org.apache.catalina.connector.CoyoteAdapter.service(CoyoteAdapter.java:343)
	at org.apache.coyote.http11.Http11Processor.service(Http11Processor.java:412)
	at org.apache.coyote.AbstractProcessorLight.process(AbstractProcessorLight.java:66)
	at org.apache.coyote.AbstractProtocol$ConnectionHandler.process(AbstractProtocol.java:754)
	at org.apache.tomcat.util.net.NioEndpoint$SocketProcessor.doRun(NioEndpoint.java:1385)
	at org.apache.tomcat.util.net.SocketProcessorBase.run(SocketProcessorBase.java:49)
	at java.util.concurrent.ThreadPoolExecutor.runWorker(ThreadPoolExecutor.java:1149)
	at java.util.concurrent.ThreadPoolExecutor$Worker.run(ThreadPoolExecutor.java:624)
	at org.apache.tomcat.util.threads.TaskThread$WrappingRunnable.run(TaskThread.java:61)
	at java.lang.Thread.run(Thread.java:748)
Caused by: java.util.ConcurrentModificationException
	at java.util.HashMap$HashIterator.nextNode(HashMap.java:1442)
	at java.util.HashMap$KeyIterator.next(HashMap.java:1466)
	at org.saiku.datasources.connection.AbstractConnectionManager.refreshAllConnections(AbstractConnectionManager.java:145)
	at org.saiku.service.olap.OlapDiscoverService.refreshAllConnections(OlapDiscoverService.java:79)
	... 80 more
2019-05-23 16:18:18,113 INFO  [org.saiku.datasources.connection.SaikuOlapConnection] Catalogs:1
2019-05-23 16:18:18,116 INFO  [org.saiku.datasources.connection.SaikuOlapConnection] Clearing cache
2019-05-23 16:18:18,222 INFO  [org.saiku.datasources.connection.SaikuOlapConnection] Catalogs:1
2019-05-23 16:18:18,222 INFO  [org.saiku.datasources.connection.SaikuOlapConnection] Clearing cache
2019-05-23 16:18:18,556 INFO  [org.saiku.datasources.connection.SaikuOlapConnection] Catalogs:1
2019-05-23 16:18:33,773 DEBUG [org.saiku.web.rest.resources.Query2Resource] TRACK		/query/E37EC0A8-22D9-CB69-B6B0-F64BE3DF3986	POST	 tq:false file:null
2019-05-23 16:19:26,141 DEBUG [org.saiku.service.datasource.RepositoryDatasourceManager] file did not exist
