----------------------------------------------------------------
Thu May 23 16:02:16 CST 2019:
Booting Derby version The Apache Software Foundation - Apache Derby - 10.14.1.0 - (1808820): instance a816c00e-016a-e3b6-4d7b-00001aec4b10 
on database directory D:\apps\saiku-latest\saiku-server\repository\data\version\db with class loader ParallelWebappClassLoader
  context: saiku
  delegate: false
----------> Parent Classloader:
java.net.URLClassLoader@1a6c5a9e
 
Loaded from file:/D:/apps/saiku-latest/saiku-server/tomcat/webapps/saiku/WEB-INF/lib/derby-10.14.1.0.jar
java.vendor=Oracle Corporation
java.runtime.version=1.8.0_191-b12
user.dir=D:\apps\saiku-latest\saiku-server\tomcat\bin
os.name=Windows 10
os.arch=amd64
os.version=10.0
derby.system.home=null
Database Class Loader started - derby.database.classpath=''
----------------------------------------------------------------
Thu May 23 16:02:17 CST 2019:
Booting Derby version The Apache Software Foundation - Apache Derby - 10.14.1.0 - (1808820): instance 888c4022-016a-e3b6-4d7b-00001aec4b10 
on database directory D:\apps\saiku-latest\saiku-server\repository\data\workspaces\default\db with class loader ParallelWebappClassLoader
  context: saiku
  delegate: false
----------> Parent Classloader:
java.net.URLClassLoader@1a6c5a9e
 
Loaded from file:/D:/apps/saiku-latest/saiku-server/tomcat/webapps/saiku/WEB-INF/lib/derby-10.14.1.0.jar
java.vendor=Oracle Corporation
java.runtime.version=1.8.0_191-b12
user.dir=D:\apps\saiku-latest\saiku-server\tomcat\bin
os.name=Windows 10
os.arch=amd64
os.version=10.0
derby.system.home=null
Database Class Loader started - derby.database.classpath=''
----------------------------------------------------------------
Thu May 23 16:02:18 CST 2019:
Booting Derby version The Apache Software Foundation - Apache Derby - 10.14.1.0 - (1808820): instance 6965c036-016a-e3b6-4d7b-00001aec4b10 
on database directory D:\apps\saiku-latest\saiku-server\repository\data\workspaces\security\db with class loader ParallelWebappClassLoader
  context: saiku
  delegate: false
----------> Parent Classloader:
java.net.URLClassLoader@1a6c5a9e
 
Loaded from file:/D:/apps/saiku-latest/saiku-server/tomcat/webapps/saiku/WEB-INF/lib/derby-10.14.1.0.jar
java.vendor=Oracle Corporation
java.runtime.version=1.8.0_191-b12
user.dir=D:\apps\saiku-latest\saiku-server\tomcat\bin
os.name=Windows 10
os.arch=amd64
os.version=10.0
derby.system.home=null
Database Class Loader started - derby.database.classpath=''
